{"/Users/aishathakker/Makers Aisha/specialisation/module_4_final_project/voyager-makers-project/api/app.js": {"path":"/Users/aishathakker/Makers Aisha/specialisation/module_4_final_project/voyager-makers-project/api/app.js","statementMap":{"0":{"start":{"line":1,"column":16},"end":{"line":1,"column":34}},"1":{"start":{"line":2,"column":19},"end":{"line":2,"column":41}},"2":{"start":{"line":3,"column":13},"end":{"line":3,"column":28}},"3":{"start":{"line":5,"column":20},"end":{"line":5,"column":45}},"4":{"start":{"line":6,"column":29},"end":{"line":6,"column":63}},"5":{"start":{"line":7,"column":20},"end":{"line":7,"column":45}},"6":{"start":{"line":8,"column":21},"end":{"line":8,"column":57}},"7":{"start":{"line":9,"column":19},"end":{"line":9,"column":43}},"8":{"start":{"line":11,"column":12},"end":{"line":11,"column":21}},"9":{"start":{"line":16,"column":0},"end":{"line":16,"column":16}},"10":{"start":{"line":19,"column":0},"end":{"line":19,"column":27}},"11":{"start":{"line":22,"column":0},"end":{"line":22,"column":31}},"12":{"start":{"line":23,"column":0},"end":{"line":23,"column":41}},"13":{"start":{"line":24,"column":0},"end":{"line":24,"column":31}},"14":{"start":{"line":25,"column":0},"end":{"line":25,"column":44}},"15":{"start":{"line":28,"column":0},"end":{"line":30,"column":3}},"16":{"start":{"line":29,"column":2},"end":{"line":29,"column":56}},"17":{"start":{"line":33,"column":0},"end":{"line":40,"column":3}},"18":{"start":{"line":34,"column":2},"end":{"line":34,"column":21}},"19":{"start":{"line":35,"column":2},"end":{"line":39,"column":3}},"20":{"start":{"line":36,"column":4},"end":{"line":36,"column":38}},"21":{"start":{"line":38,"column":4},"end":{"line":38,"column":58}},"22":{"start":{"line":42,"column":0},"end":{"line":42,"column":21}}},"fnMap":{"0":{"name":"(anonymous_0)","decl":{"start":{"line":28,"column":8},"end":{"line":28,"column":9}},"loc":{"start":{"line":28,"column":23},"end":{"line":30,"column":1}},"line":28},"1":{"name":"(anonymous_1)","decl":{"start":{"line":33,"column":8},"end":{"line":33,"column":9}},"loc":{"start":{"line":33,"column":35},"end":{"line":40,"column":1}},"line":33}},"branchMap":{"0":{"loc":{"start":{"line":35,"column":2},"end":{"line":39,"column":3}},"type":"if","locations":[{"start":{"line":35,"column":2},"end":{"line":39,"column":3}},{"start":{"line":37,"column":9},"end":{"line":39,"column":3}}],"line":35}},"s":{"0":4,"1":4,"2":4,"3":4,"4":4,"5":4,"6":4,"7":4,"8":4,"9":4,"10":4,"11":4,"12":4,"13":4,"14":4,"15":4,"16":0,"17":4,"18":0,"19":0,"20":0,"21":0,"22":4},"f":{"0":0,"1":0},"b":{"0":[0,0]},"_coverageSchema":"1a1c01bbd47fc00a2c39e90264f33305004495a9","hash":"1bb73f96228c76f2c2c7b689ad23121aa98abe2c"}
,"/Users/aishathakker/Makers Aisha/specialisation/module_4_final_project/voyager-makers-project/api/controllers/authentication.js": {"path":"/Users/aishathakker/Makers Aisha/specialisation/module_4_final_project/voyager-makers-project/api/controllers/authentication.js","statementMap":{"0":{"start":{"line":1,"column":13},"end":{"line":1,"column":38}},"1":{"start":{"line":2,"column":26},"end":{"line":2,"column":49}},"2":{"start":{"line":3,"column":15},"end":{"line":3,"column":32}},"3":{"start":{"line":5,"column":20},"end":{"line":23,"column":1}},"4":{"start":{"line":6,"column":16},"end":{"line":6,"column":30}},"5":{"start":{"line":7,"column":19},"end":{"line":7,"column":36}},"6":{"start":{"line":9,"column":15},"end":{"line":9,"column":51}},"7":{"start":{"line":11,"column":2},"end":{"line":22,"column":4}},"8":{"start":{"line":12,"column":4},"end":{"line":12,"column":46}},"9":{"start":{"line":13,"column":4},"end":{"line":13,"column":56}},"10":{"start":{"line":15,"column":4},"end":{"line":15,"column":97}},"11":{"start":{"line":15,"column":69},"end":{"line":15,"column":94}},"12":{"start":{"line":16,"column":4},"end":{"line":22,"column":3}},"13":{"start":{"line":17,"column":6},"end":{"line":17,"column":56}},"14":{"start":{"line":18,"column":6},"end":{"line":18,"column":62}},"15":{"start":{"line":20,"column":20},"end":{"line":20,"column":42}},"16":{"start":{"line":21,"column":6},"end":{"line":21,"column":75}},"17":{"start":{"line":25,"column":33},"end":{"line":27,"column":1}},"18":{"start":{"line":29,"column":0},"end":{"line":29,"column":42}}},"fnMap":{"0":{"name":"(anonymous_0)","decl":{"start":{"line":5,"column":20},"end":{"line":5,"column":21}},"loc":{"start":{"line":5,"column":40},"end":{"line":23,"column":1}},"line":5},"1":{"name":"(anonymous_1)","decl":{"start":{"line":15,"column":55},"end":{"line":15,"column":56}},"loc":{"start":{"line":15,"column":67},"end":{"line":15,"column":95}},"line":15}},"branchMap":{"0":{"loc":{"start":{"line":11,"column":2},"end":{"line":22,"column":4}},"type":"if","locations":[{"start":{"line":11,"column":2},"end":{"line":22,"column":4}},{"start":{"line":14,"column":9},"end":{"line":22,"column":4}}],"line":11},"1":{"loc":{"start":{"line":16,"column":4},"end":{"line":22,"column":3}},"type":"if","locations":[{"start":{"line":16,"column":4},"end":{"line":22,"column":3}},{"start":{"line":19,"column":11},"end":{"line":22,"column":3}}],"line":16}},"s":{"0":4,"1":4,"2":4,"3":4,"4":3,"5":3,"6":3,"7":3,"8":1,"9":1,"10":2,"11":2,"12":2,"13":1,"14":1,"15":1,"16":1,"17":4,"18":4},"f":{"0":3,"1":2},"b":{"0":[1,2],"1":[1,1]},"_coverageSchema":"1a1c01bbd47fc00a2c39e90264f33305004495a9","hash":"bfd9d678f604934d367b8435279c75674bf426eb"}
,"/Users/aishathakker/Makers Aisha/specialisation/module_4_final_project/voyager-makers-project/api/controllers/toDos.js": {"path":"/Users/aishathakker/Makers Aisha/specialisation/module_4_final_project/voyager-makers-project/api/controllers/toDos.js","statementMap":{"0":{"start":{"line":1,"column":13},"end":{"line":1,"column":38}},"1":{"start":{"line":2,"column":26},"end":{"line":2,"column":49}},"2":{"start":{"line":4,"column":20},"end":{"line":8,"column":1}},"3":{"start":{"line":5,"column":18},"end":{"line":5,"column":56}},"4":{"start":{"line":6,"column":18},"end":{"line":6,"column":44}},"5":{"start":{"line":7,"column":4},"end":{"line":7,"column":57}},"6":{"start":{"line":10,"column":19},"end":{"line":34,"column":1}},"7":{"start":{"line":11,"column":18},"end":{"line":11,"column":32}},"8":{"start":{"line":12,"column":24},"end":{"line":12,"column":44}},"9":{"start":{"line":13,"column":20},"end":{"line":13,"column":36}},"10":{"start":{"line":14,"column":24},"end":{"line":14,"column":44}},"11":{"start":{"line":15,"column":19},"end":{"line":15,"column":30}},"12":{"start":{"line":16,"column":19},"end":{"line":16,"column":34}},"13":{"start":{"line":18,"column":4},"end":{"line":33,"column":5}},"14":{"start":{"line":19,"column":21},"end":{"line":26,"column":10}},"15":{"start":{"line":27,"column":8},"end":{"line":27,"column":26}},"16":{"start":{"line":28,"column":25},"end":{"line":28,"column":51}},"17":{"start":{"line":29,"column":8},"end":{"line":29,"column":87}},"18":{"start":{"line":31,"column":8},"end":{"line":31,"column":29}},"19":{"start":{"line":32,"column":8},"end":{"line":32,"column":67}},"20":{"start":{"line":36,"column":27},"end":{"line":59,"column":1}},"21":{"start":{"line":37,"column":19},"end":{"line":37,"column":34}},"22":{"start":{"line":39,"column":21},"end":{"line":39,"column":47}},"23":{"start":{"line":40,"column":4},"end":{"line":58,"column":5}},"24":{"start":{"line":41,"column":21},"end":{"line":41,"column":48}},"25":{"start":{"line":42,"column":8},"end":{"line":44,"column":9}},"26":{"start":{"line":43,"column":12},"end":{"line":43,"column":71}},"27":{"start":{"line":45,"column":8},"end":{"line":53,"column":9}},"28":{"start":{"line":46,"column":12},"end":{"line":46,"column":37}},"29":{"start":{"line":47,"column":12},"end":{"line":47,"column":30}},"30":{"start":{"line":48,"column":12},"end":{"line":48,"column":94}},"31":{"start":{"line":50,"column":12},"end":{"line":50,"column":36}},"32":{"start":{"line":51,"column":12},"end":{"line":51,"column":30}},"33":{"start":{"line":52,"column":12},"end":{"line":52,"column":93}},"34":{"start":{"line":56,"column":8},"end":{"line":56,"column":29}},"35":{"start":{"line":57,"column":8},"end":{"line":57,"column":67}},"36":{"start":{"line":61,"column":19},"end":{"line":76,"column":1}},"37":{"start":{"line":62,"column":19},"end":{"line":62,"column":34}},"38":{"start":{"line":63,"column":21},"end":{"line":63,"column":47}},"39":{"start":{"line":64,"column":4},"end":{"line":75,"column":5}},"40":{"start":{"line":65,"column":21},"end":{"line":65,"column":48}},"41":{"start":{"line":66,"column":8},"end":{"line":66,"column":38}},"42":{"start":{"line":67,"column":8},"end":{"line":69,"column":9}},"43":{"start":{"line":68,"column":12},"end":{"line":68,"column":71}},"44":{"start":{"line":70,"column":8},"end":{"line":70,"column":45}},"45":{"start":{"line":71,"column":8},"end":{"line":71,"column":75}},"46":{"start":{"line":73,"column":8},"end":{"line":73,"column":29}},"47":{"start":{"line":74,"column":8},"end":{"line":74,"column":67}},"48":{"start":{"line":78,"column":24},"end":{"line":83,"column":1}},"49":{"start":{"line":85,"column":0},"end":{"line":85,"column":33}}},"fnMap":{"0":{"name":"(anonymous_0)","decl":{"start":{"line":4,"column":20},"end":{"line":4,"column":21}},"loc":{"start":{"line":4,"column":40},"end":{"line":8,"column":1}},"line":4},"1":{"name":"(anonymous_1)","decl":{"start":{"line":10,"column":19},"end":{"line":10,"column":20}},"loc":{"start":{"line":10,"column":39},"end":{"line":34,"column":1}},"line":10},"2":{"name":"(anonymous_2)","decl":{"start":{"line":36,"column":27},"end":{"line":36,"column":28}},"loc":{"start":{"line":36,"column":47},"end":{"line":59,"column":1}},"line":36},"3":{"name":"(anonymous_3)","decl":{"start":{"line":61,"column":19},"end":{"line":61,"column":20}},"loc":{"start":{"line":61,"column":39},"end":{"line":76,"column":1}},"line":61}},"branchMap":{"0":{"loc":{"start":{"line":42,"column":8},"end":{"line":44,"column":9}},"type":"if","locations":[{"start":{"line":42,"column":8},"end":{"line":44,"column":9}},{"start":{},"end":{}}],"line":42},"1":{"loc":{"start":{"line":45,"column":8},"end":{"line":53,"column":9}},"type":"if","locations":[{"start":{"line":45,"column":8},"end":{"line":53,"column":9}},{"start":{"line":49,"column":15},"end":{"line":53,"column":9}}],"line":45},"2":{"loc":{"start":{"line":67,"column":8},"end":{"line":69,"column":9}},"type":"if","locations":[{"start":{"line":67,"column":8},"end":{"line":69,"column":9}},{"start":{},"end":{}}],"line":67}},"s":{"0":4,"1":4,"2":4,"3":12,"4":12,"5":12,"6":4,"7":10,"8":10,"9":10,"10":10,"11":10,"12":10,"13":10,"14":10,"15":10,"16":2,"17":2,"18":8,"19":8,"20":4,"21":10,"22":10,"23":10,"24":10,"25":10,"26":2,"27":8,"28":1,"29":1,"30":1,"31":7,"32":7,"33":7,"34":0,"35":0,"36":4,"37":4,"38":4,"39":4,"40":4,"41":4,"42":4,"43":2,"44":2,"45":2,"46":0,"47":0,"48":4,"49":4},"f":{"0":12,"1":10,"2":10,"3":4},"b":{"0":[2,8],"1":[1,7],"2":[2,2]},"_coverageSchema":"1a1c01bbd47fc00a2c39e90264f33305004495a9","hash":"134e81acda6488c848507200183fae6b283bf852"}
,"/Users/aishathakker/Makers Aisha/specialisation/module_4_final_project/voyager-makers-project/api/controllers/trips.js": {"path":"/Users/aishathakker/Makers Aisha/specialisation/module_4_final_project/voyager-makers-project/api/controllers/trips.js","statementMap":{"0":{"start":{"line":1,"column":13},"end":{"line":1,"column":39}},"1":{"start":{"line":3,"column":26},"end":{"line":3,"column":52}},"2":{"start":{"line":4,"column":17},"end":{"line":4,"column":36}},"3":{"start":{"line":6,"column":20},"end":{"line":10,"column":1}},"4":{"start":{"line":7,"column":18},"end":{"line":7,"column":35}},"5":{"start":{"line":8,"column":18},"end":{"line":8,"column":44}},"6":{"start":{"line":9,"column":4},"end":{"line":9,"column":57}},"7":{"start":{"line":12,"column":19},"end":{"line":16,"column":1}},"8":{"start":{"line":13,"column":17},"end":{"line":13,"column":51}},"9":{"start":{"line":14,"column":18},"end":{"line":14,"column":44}},"10":{"start":{"line":15,"column":4},"end":{"line":15,"column":55}},"11":{"start":{"line":19,"column":15},"end":{"line":36,"column":1}},"12":{"start":{"line":20,"column":21},"end":{"line":20,"column":38}},"13":{"start":{"line":21,"column":22},"end":{"line":21,"column":40}},"14":{"start":{"line":22,"column":20},"end":{"line":22,"column":36}},"15":{"start":{"line":24,"column":17},"end":{"line":24,"column":59}},"16":{"start":{"line":25,"column":4},"end":{"line":35,"column":11}},"17":{"start":{"line":28,"column":12},"end":{"line":28,"column":67}},"18":{"start":{"line":29,"column":12},"end":{"line":29,"column":51}},"19":{"start":{"line":34,"column":12},"end":{"line":34,"column":68}},"20":{"start":{"line":39,"column":24},"end":{"line":44,"column":1}},"21":{"start":{"line":46,"column":0},"end":{"line":46,"column":33}}},"fnMap":{"0":{"name":"(anonymous_0)","decl":{"start":{"line":6,"column":20},"end":{"line":6,"column":21}},"loc":{"start":{"line":6,"column":40},"end":{"line":10,"column":1}},"line":6},"1":{"name":"(anonymous_1)","decl":{"start":{"line":12,"column":19},"end":{"line":12,"column":20}},"loc":{"start":{"line":12,"column":39},"end":{"line":16,"column":1}},"line":12},"2":{"name":"(anonymous_2)","decl":{"start":{"line":19,"column":15},"end":{"line":19,"column":16}},"loc":{"start":{"line":19,"column":29},"end":{"line":36,"column":1}},"line":19},"3":{"name":"(anonymous_3)","decl":{"start":{"line":27,"column":14},"end":{"line":27,"column":15}},"loc":{"start":{"line":27,"column":24},"end":{"line":30,"column":9}},"line":27},"4":{"name":"(anonymous_4)","decl":{"start":{"line":31,"column":15},"end":{"line":31,"column":16}},"loc":{"start":{"line":31,"column":24},"end":{"line":35,"column":9}},"line":31}},"branchMap":{},"s":{"0":4,"1":4,"2":4,"3":4,"4":2,"5":2,"6":2,"7":4,"8":0,"9":0,"10":0,"11":4,"12":4,"13":4,"14":4,"15":4,"16":4,"17":2,"18":2,"19":2,"20":4,"21":4},"f":{"0":2,"1":0,"2":4,"3":2,"4":2},"b":{},"_coverageSchema":"1a1c01bbd47fc00a2c39e90264f33305004495a9","hash":"1fe0d32cbc826650fbffa6120a104d866a5fde25"}
,"/Users/aishathakker/Makers Aisha/specialisation/module_4_final_project/voyager-makers-project/api/controllers/users.js": {"path":"/Users/aishathakker/Makers Aisha/specialisation/module_4_final_project/voyager-makers-project/api/controllers/users.js","statementMap":{"0":{"start":{"line":1,"column":13},"end":{"line":1,"column":38}},"1":{"start":{"line":2,"column":15},"end":{"line":2,"column":32}},"2":{"start":{"line":4,"column":15},"end":{"line":34,"column":1}},"3":{"start":{"line":5,"column":22},"end":{"line":5,"column":40}},"4":{"start":{"line":6,"column":21},"end":{"line":6,"column":38}},"5":{"start":{"line":7,"column":21},"end":{"line":7,"column":38}},"6":{"start":{"line":8,"column":18},"end":{"line":8,"column":32}},"7":{"start":{"line":9,"column":21},"end":{"line":9,"column":38}},"8":{"start":{"line":12,"column":4},"end":{"line":33,"column":6}},"9":{"start":{"line":13,"column":8},"end":{"line":32,"column":10}},"10":{"start":{"line":14,"column":12},"end":{"line":31,"column":13}},"11":{"start":{"line":15,"column":29},"end":{"line":15,"column":95}},"12":{"start":{"line":16,"column":16},"end":{"line":16,"column":34}},"13":{"start":{"line":17,"column":16},"end":{"line":17,"column":70}},"14":{"start":{"line":18,"column":16},"end":{"line":18,"column":56}},"15":{"start":{"line":20,"column":16},"end":{"line":20,"column":37}},"16":{"start":{"line":21,"column":16},"end":{"line":30,"column":17}},"17":{"start":{"line":22,"column":20},"end":{"line":27,"column":21}},"18":{"start":{"line":23,"column":24},"end":{"line":23,"column":84}},"19":{"start":{"line":25,"column":24},"end":{"line":25,"column":42}},"20":{"start":{"line":26,"column":24},"end":{"line":26,"column":81}},"21":{"start":{"line":29,"column":20},"end":{"line":29,"column":77}},"22":{"start":{"line":36,"column":24},"end":{"line":38,"column":1}},"23":{"start":{"line":40,"column":0},"end":{"line":40,"column":33}}},"fnMap":{"0":{"name":"(anonymous_0)","decl":{"start":{"line":4,"column":15},"end":{"line":4,"column":16}},"loc":{"start":{"line":4,"column":29},"end":{"line":34,"column":1}},"line":4},"1":{"name":"(anonymous_1)","decl":{"start":{"line":12,"column":23},"end":{"line":12,"column":24}},"loc":{"start":{"line":12,"column":50},"end":{"line":33,"column":5}},"line":12},"2":{"name":"(anonymous_2)","decl":{"start":{"line":13,"column":36},"end":{"line":13,"column":37}},"loc":{"start":{"line":13,"column":63},"end":{"line":32,"column":9}},"line":13}},"branchMap":{"0":{"loc":{"start":{"line":21,"column":16},"end":{"line":30,"column":17}},"type":"if","locations":[{"start":{"line":21,"column":16},"end":{"line":30,"column":17}},{"start":{"line":28,"column":23},"end":{"line":30,"column":17}}],"line":21},"1":{"loc":{"start":{"line":22,"column":20},"end":{"line":27,"column":21}},"type":"if","locations":[{"start":{"line":22,"column":20},"end":{"line":27,"column":21}},{"start":{"line":24,"column":27},"end":{"line":27,"column":21}}],"line":22}},"s":{"0":4,"1":4,"2":4,"3":6,"4":6,"5":6,"6":6,"7":6,"8":6,"9":6,"10":6,"11":6,"12":6,"13":2,"14":2,"15":4,"16":4,"17":0,"18":0,"19":0,"20":0,"21":4,"22":4,"23":4},"f":{"0":6,"1":6,"2":6},"b":{"0":[0,4],"1":[0,0]},"_coverageSchema":"1a1c01bbd47fc00a2c39e90264f33305004495a9","hash":"a4986641e64085074da5f576da82fe15caccbb54"}
,"/Users/aishathakker/Makers Aisha/specialisation/module_4_final_project/voyager-makers-project/api/db/db.js": {"path":"/Users/aishathakker/Makers Aisha/specialisation/module_4_final_project/voyager-makers-project/api/db/db.js","statementMap":{"0":{"start":{"line":1,"column":17},"end":{"line":1,"column":36}},"1":{"start":{"line":3,"column":26},"end":{"line":18,"column":1}},"2":{"start":{"line":4,"column":21},"end":{"line":4,"column":44}},"3":{"start":{"line":6,"column":2},"end":{"line":11,"column":3}},"4":{"start":{"line":7,"column":4},"end":{"line":9,"column":6}},"5":{"start":{"line":10,"column":4},"end":{"line":10,"column":53}},"6":{"start":{"line":13,"column":2},"end":{"line":13,"column":37}},"7":{"start":{"line":15,"column":2},"end":{"line":17,"column":3}},"8":{"start":{"line":16,"column":4},"end":{"line":16,"column":53}},"9":{"start":{"line":20,"column":0},"end":{"line":20,"column":39}}},"fnMap":{"0":{"name":"(anonymous_0)","decl":{"start":{"line":3,"column":26},"end":{"line":3,"column":27}},"loc":{"start":{"line":3,"column":38},"end":{"line":18,"column":1}},"line":3}},"branchMap":{"0":{"loc":{"start":{"line":6,"column":2},"end":{"line":11,"column":3}},"type":"if","locations":[{"start":{"line":6,"column":2},"end":{"line":11,"column":3}},{"start":{},"end":{}}],"line":6},"1":{"loc":{"start":{"line":15,"column":2},"end":{"line":17,"column":3}},"type":"if","locations":[{"start":{"line":15,"column":2},"end":{"line":17,"column":3}},{"start":{},"end":{}}],"line":15}},"s":{"0":7,"1":7,"2":7,"3":7,"4":0,"5":0,"6":7,"7":7,"8":0,"9":7},"f":{"0":7},"b":{"0":[0,7],"1":[0,7]},"_coverageSchema":"1a1c01bbd47fc00a2c39e90264f33305004495a9","hash":"13933d40331336411fafa5671b738690621906e2"}
,"/Users/aishathakker/Makers Aisha/specialisation/module_4_final_project/voyager-makers-project/api/lib/token.js": {"path":"/Users/aishathakker/Makers Aisha/specialisation/module_4_final_project/voyager-makers-project/api/lib/token.js","statementMap":{"0":{"start":{"line":1,"column":12},"end":{"line":1,"column":35}},"1":{"start":{"line":2,"column":15},"end":{"line":2,"column":37}},"2":{"start":{"line":9,"column":22},"end":{"line":20,"column":1}},"3":{"start":{"line":10,"column":2},"end":{"line":19,"column":4}},"4":{"start":{"line":22,"column":20},"end":{"line":24,"column":1}},"5":{"start":{"line":23,"column":2},"end":{"line":23,"column":35}},"6":{"start":{"line":26,"column":0},"end":{"line":26,"column":48}}},"fnMap":{"0":{"name":"(anonymous_0)","decl":{"start":{"line":9,"column":22},"end":{"line":9,"column":23}},"loc":{"start":{"line":9,"column":35},"end":{"line":20,"column":1}},"line":9},"1":{"name":"(anonymous_1)","decl":{"start":{"line":22,"column":20},"end":{"line":22,"column":21}},"loc":{"start":{"line":22,"column":31},"end":{"line":24,"column":1}},"line":22}},"branchMap":{},"s":{"0":5,"1":5,"2":5,"3":33,"4":5,"5":2,"6":5},"f":{"0":33,"1":2},"b":{},"_coverageSchema":"1a1c01bbd47fc00a2c39e90264f33305004495a9","hash":"0c7c2af8d2a3fa81334ec459ddc5801833d67e37"}
,"/Users/aishathakker/Makers Aisha/specialisation/module_4_final_project/voyager-makers-project/api/middleware/tokenChecker.js": {"path":"/Users/aishathakker/Makers Aisha/specialisation/module_4_final_project/voyager-makers-project/api/middleware/tokenChecker.js","statementMap":{"0":{"start":{"line":1,"column":12},"end":{"line":1,"column":35}},"1":{"start":{"line":4,"column":21},"end":{"line":23,"column":1}},"2":{"start":{"line":6,"column":21},"end":{"line":6,"column":45}},"3":{"start":{"line":9,"column":2},"end":{"line":11,"column":3}},"4":{"start":{"line":10,"column":4},"end":{"line":10,"column":32}},"5":{"start":{"line":13,"column":2},"end":{"line":22,"column":5}},"6":{"start":{"line":14,"column":4},"end":{"line":21,"column":5}},"7":{"start":{"line":15,"column":6},"end":{"line":15,"column":23}},"8":{"start":{"line":16,"column":6},"end":{"line":16,"column":54}},"9":{"start":{"line":19,"column":6},"end":{"line":19,"column":36}},"10":{"start":{"line":20,"column":6},"end":{"line":20,"column":13}},"11":{"start":{"line":25,"column":0},"end":{"line":25,"column":30}}},"fnMap":{"0":{"name":"(anonymous_0)","decl":{"start":{"line":4,"column":21},"end":{"line":4,"column":22}},"loc":{"start":{"line":4,"column":41},"end":{"line":23,"column":1}},"line":4},"1":{"name":"(anonymous_1)","decl":{"start":{"line":13,"column":44},"end":{"line":13,"column":45}},"loc":{"start":{"line":13,"column":62},"end":{"line":22,"column":3}},"line":13}},"branchMap":{"0":{"loc":{"start":{"line":9,"column":2},"end":{"line":11,"column":3}},"type":"if","locations":[{"start":{"line":9,"column":2},"end":{"line":11,"column":3}},{"start":{},"end":{}}],"line":9},"1":{"loc":{"start":{"line":14,"column":4},"end":{"line":21,"column":5}},"type":"if","locations":[{"start":{"line":14,"column":4},"end":{"line":21,"column":5}},{"start":{"line":17,"column":11},"end":{"line":21,"column":5}}],"line":14}},"s":{"0":4,"1":4,"2":36,"3":36,"4":36,"5":36,"6":36,"7":0,"8":0,"9":36,"10":36,"11":4},"f":{"0":36,"1":36},"b":{"0":[36,0],"1":[0,36]},"_coverageSchema":"1a1c01bbd47fc00a2c39e90264f33305004495a9","hash":"82ef2bc2ca486feb162af7c0c2affeaaa5087934"}
,"/Users/aishathakker/Makers Aisha/specialisation/module_4_final_project/voyager-makers-project/api/models/toDo.js": {"path":"/Users/aishathakker/Makers Aisha/specialisation/module_4_final_project/voyager-makers-project/api/models/toDo.js","statementMap":{"0":{"start":{"line":1,"column":17},"end":{"line":1,"column":36}},"1":{"start":{"line":3,"column":19},"end":{"line":10,"column":2}},"2":{"start":{"line":12,"column":13},"end":{"line":12,"column":47}},"3":{"start":{"line":14,"column":0},"end":{"line":14,"column":22}}},"fnMap":{},"branchMap":{},"s":{"0":5,"1":5,"2":5,"3":5},"f":{},"b":{},"_coverageSchema":"1a1c01bbd47fc00a2c39e90264f33305004495a9","hash":"c4476732fcc1a821cb69586410228f3883298833"}
,"/Users/aishathakker/Makers Aisha/specialisation/module_4_final_project/voyager-makers-project/api/models/trip.js": {"path":"/Users/aishathakker/Makers Aisha/specialisation/module_4_final_project/voyager-makers-project/api/models/trip.js","statementMap":{"0":{"start":{"line":1,"column":17},"end":{"line":1,"column":36}},"1":{"start":{"line":3,"column":19},"end":{"line":8,"column":2}},"2":{"start":{"line":10,"column":13},"end":{"line":10,"column":47}},"3":{"start":{"line":12,"column":0},"end":{"line":12,"column":22}}},"fnMap":{},"branchMap":{},"s":{"0":5,"1":5,"2":5,"3":5},"f":{},"b":{},"_coverageSchema":"1a1c01bbd47fc00a2c39e90264f33305004495a9","hash":"fd039207e271e7ac251194e97c5e21b7d9710bde"}
,"/Users/aishathakker/Makers Aisha/specialisation/module_4_final_project/voyager-makers-project/api/models/user.js": {"path":"/Users/aishathakker/Makers Aisha/specialisation/module_4_final_project/voyager-makers-project/api/models/user.js","statementMap":{"0":{"start":{"line":1,"column":17},"end":{"line":1,"column":36}},"1":{"start":{"line":3,"column":19},"end":{"line":9,"column":2}},"2":{"start":{"line":11,"column":13},"end":{"line":11,"column":47}},"3":{"start":{"line":13,"column":0},"end":{"line":13,"column":22}}},"fnMap":{},"branchMap":{},"s":{"0":5,"1":5,"2":5,"3":5},"f":{},"b":{},"_coverageSchema":"1a1c01bbd47fc00a2c39e90264f33305004495a9","hash":"068986bb2a83ce7052968466c5bc3e1735262aa5"}
,"/Users/aishathakker/Makers Aisha/specialisation/module_4_final_project/voyager-makers-project/api/routes/authentication.js": {"path":"/Users/aishathakker/Makers Aisha/specialisation/module_4_final_project/voyager-makers-project/api/routes/authentication.js","statementMap":{"0":{"start":{"line":1,"column":16},"end":{"line":1,"column":34}},"1":{"start":{"line":2,"column":15},"end":{"line":2,"column":31}},"2":{"start":{"line":4,"column":33},"end":{"line":4,"column":73}},"3":{"start":{"line":6,"column":0},"end":{"line":6,"column":55}},"4":{"start":{"line":8,"column":0},"end":{"line":8,"column":24}}},"fnMap":{},"branchMap":{},"s":{"0":4,"1":4,"2":4,"3":4,"4":4},"f":{},"b":{},"_coverageSchema":"1a1c01bbd47fc00a2c39e90264f33305004495a9","hash":"6e836e9abf7f5829242ac6939ecd5c0188ca65fd"}
,"/Users/aishathakker/Makers Aisha/specialisation/module_4_final_project/voyager-makers-project/api/routes/toDo.js": {"path":"/Users/aishathakker/Makers Aisha/specialisation/module_4_final_project/voyager-makers-project/api/routes/toDo.js","statementMap":{"0":{"start":{"line":1,"column":16},"end":{"line":1,"column":34}},"1":{"start":{"line":2,"column":24},"end":{"line":2,"column":55}},"2":{"start":{"line":3,"column":15},"end":{"line":3,"column":31}},"3":{"start":{"line":5,"column":0},"end":{"line":5,"column":45}},"4":{"start":{"line":6,"column":0},"end":{"line":6,"column":45}},"5":{"start":{"line":7,"column":0},"end":{"line":7,"column":47}},"6":{"start":{"line":8,"column":0},"end":{"line":8,"column":52}},"7":{"start":{"line":10,"column":0},"end":{"line":10,"column":24}}},"fnMap":{},"branchMap":{},"s":{"0":4,"1":4,"2":4,"3":4,"4":4,"5":4,"6":4,"7":4},"f":{},"b":{},"_coverageSchema":"1a1c01bbd47fc00a2c39e90264f33305004495a9","hash":"3fe7938714fb3d49075a6aa37b8b2746a8bdef77"}
,"/Users/aishathakker/Makers Aisha/specialisation/module_4_final_project/voyager-makers-project/api/routes/trips.js": {"path":"/Users/aishathakker/Makers Aisha/specialisation/module_4_final_project/voyager-makers-project/api/routes/trips.js","statementMap":{"0":{"start":{"line":2,"column":16},"end":{"line":2,"column":34}},"1":{"start":{"line":4,"column":24},"end":{"line":4,"column":55}},"2":{"start":{"line":6,"column":15},"end":{"line":6,"column":31}},"3":{"start":{"line":8,"column":0},"end":{"line":8,"column":45}},"4":{"start":{"line":10,"column":0},"end":{"line":10,"column":48}},"5":{"start":{"line":12,"column":0},"end":{"line":12,"column":24}}},"fnMap":{},"branchMap":{},"s":{"0":4,"1":4,"2":4,"3":4,"4":4,"5":4},"f":{},"b":{},"_coverageSchema":"1a1c01bbd47fc00a2c39e90264f33305004495a9","hash":"32a1160cdd30269d460616d742446c49c93117f4"}
,"/Users/aishathakker/Makers Aisha/specialisation/module_4_final_project/voyager-makers-project/api/routes/users.js": {"path":"/Users/aishathakker/Makers Aisha/specialisation/module_4_final_project/voyager-makers-project/api/routes/users.js","statementMap":{"0":{"start":{"line":2,"column":16},"end":{"line":2,"column":34}},"1":{"start":{"line":4,"column":24},"end":{"line":4,"column":55}},"2":{"start":{"line":6,"column":15},"end":{"line":6,"column":31}},"3":{"start":{"line":8,"column":0},"end":{"line":8,"column":41}},"4":{"start":{"line":10,"column":0},"end":{"line":10,"column":24}}},"fnMap":{},"branchMap":{},"s":{"0":4,"1":4,"2":4,"3":4,"4":4},"f":{},"b":{},"_coverageSchema":"1a1c01bbd47fc00a2c39e90264f33305004495a9","hash":"574707772dffdeaeb5d953b3a2ee238c03239826"}
,"/Users/aishathakker/Makers Aisha/specialisation/module_4_final_project/voyager-makers-project/api/tests/mongodb_helper.js": {"path":"/Users/aishathakker/Makers Aisha/specialisation/module_4_final_project/voyager-makers-project/api/tests/mongodb_helper.js","statementMap":{"0":{"start":{"line":1,"column":17},"end":{"line":1,"column":36}},"1":{"start":{"line":2,"column":30},"end":{"line":2,"column":49}},"2":{"start":{"line":4,"column":0},"end":{"line":6,"column":3}},"3":{"start":{"line":5,"column":2},"end":{"line":5,"column":28}},"4":{"start":{"line":8,"column":0},"end":{"line":10,"column":3}},"5":{"start":{"line":9,"column":2},"end":{"line":9,"column":40}}},"fnMap":{"0":{"name":"(anonymous_0)","decl":{"start":{"line":4,"column":10},"end":{"line":4,"column":11}},"loc":{"start":{"line":4,"column":22},"end":{"line":6,"column":1}},"line":4},"1":{"name":"(anonymous_1)","decl":{"start":{"line":8,"column":9},"end":{"line":8,"column":10}},"loc":{"start":{"line":8,"column":21},"end":{"line":10,"column":1}},"line":8}},"branchMap":{},"s":{"0":7,"1":7,"2":7,"3":7,"4":7,"5":7},"f":{"0":7,"1":7},"b":{},"_coverageSchema":"1a1c01bbd47fc00a2c39e90264f33305004495a9","hash":"457549afcc957ce2a38460cf1b1f903f0907eb7a"}
}
