TN:
SF:app.js
FN:28,(anonymous_0)
FN:33,(anonymous_1)
FNF:2
FNH:0
FNDA:0,(anonymous_0)
FNDA:0,(anonymous_1)
DA:1,4
DA:2,4
DA:3,4
DA:5,4
DA:6,4
DA:7,4
DA:8,4
DA:9,4
DA:11,4
DA:16,4
DA:19,4
DA:22,4
DA:23,4
DA:24,4
DA:25,4
DA:28,4
DA:29,0
DA:33,4
DA:34,0
DA:35,0
DA:36,0
DA:38,0
DA:42,4
LF:23
LH:18
BRDA:35,0,0,0
BRDA:35,0,1,0
BRF:2
BRH:0
end_of_record
TN:
SF:controllers/authentication.js
FN:5,(anonymous_0)
FN:15,(anonymous_1)
FNF:2
FNH:2
FNDA:3,(anonymous_0)
FNDA:2,(anonymous_1)
DA:1,4
DA:2,4
DA:3,4
DA:5,4
DA:6,3
DA:7,3
DA:9,3
DA:11,3
DA:12,1
DA:13,1
DA:15,2
DA:16,2
DA:17,1
DA:18,1
DA:20,1
DA:21,1
DA:25,4
DA:29,4
LF:18
LH:18
BRDA:11,0,0,1
BRDA:11,0,1,2
BRDA:16,1,0,1
BRDA:16,1,1,1
BRF:4
BRH:4
end_of_record
TN:
SF:controllers/toDos.js
FN:4,(anonymous_0)
FN:10,(anonymous_1)
FN:36,(anonymous_2)
FN:61,(anonymous_3)
FNF:4
FNH:4
FNDA:12,(anonymous_0)
FNDA:10,(anonymous_1)
FNDA:10,(anonymous_2)
FNDA:4,(anonymous_3)
DA:1,4
DA:2,4
DA:4,4
DA:5,12
DA:6,12
DA:7,12
DA:10,4
DA:11,10
DA:12,10
DA:13,10
DA:14,10
DA:15,10
DA:16,10
DA:18,10
DA:19,10
DA:27,10
DA:28,2
DA:29,2
DA:31,8
DA:32,8
DA:36,4
DA:37,10
DA:39,10
DA:40,10
DA:41,10
DA:42,10
DA:43,2
DA:45,8
DA:46,1
DA:47,1
DA:48,1
DA:50,7
DA:51,7
DA:52,7
DA:56,0
DA:57,0
DA:61,4
DA:62,4
DA:63,4
DA:64,4
DA:65,4
DA:66,4
DA:67,4
DA:68,2
DA:70,2
DA:71,2
DA:73,0
DA:74,0
DA:78,4
DA:85,4
LF:50
LH:46
BRDA:42,0,0,2
BRDA:42,0,1,8
BRDA:45,1,0,1
BRDA:45,1,1,7
BRDA:67,2,0,2
BRDA:67,2,1,2
BRF:6
BRH:6
end_of_record
TN:
SF:controllers/trips.js
FN:6,(anonymous_0)
FN:12,(anonymous_1)
FN:19,(anonymous_2)
FN:27,(anonymous_3)
FN:31,(anonymous_4)
FNF:5
FNH:4
FNDA:2,(anonymous_0)
FNDA:0,(anonymous_1)
FNDA:4,(anonymous_2)
FNDA:2,(anonymous_3)
FNDA:2,(anonymous_4)
DA:1,4
DA:3,4
DA:4,4
DA:6,4
DA:7,2
DA:8,2
DA:9,2
DA:12,4
DA:13,0
DA:14,0
DA:15,0
DA:19,4
DA:20,4
DA:21,4
DA:22,4
DA:24,4
DA:25,4
DA:28,2
DA:29,2
DA:34,2
DA:39,4
DA:46,4
LF:22
LH:19
BRF:0
BRH:0
end_of_record
TN:
SF:controllers/users.js
FN:4,(anonymous_0)
FN:12,(anonymous_1)
FN:13,(anonymous_2)
FNF:3
FNH:3
FNDA:6,(anonymous_0)
FNDA:6,(anonymous_1)
FNDA:6,(anonymous_2)
DA:1,4
DA:2,4
DA:4,4
DA:5,6
DA:6,6
DA:7,6
DA:8,6
DA:9,6
DA:12,6
DA:13,6
DA:14,6
DA:15,6
DA:16,6
DA:17,2
DA:18,2
DA:20,4
DA:21,4
DA:22,0
DA:23,0
DA:25,0
DA:26,0
DA:29,4
DA:36,4
DA:40,4
LF:24
LH:20
BRDA:21,0,0,0
BRDA:21,0,1,4
BRDA:22,1,0,0
BRDA:22,1,1,0
BRF:4
BRH:1
end_of_record
TN:
SF:db/db.js
FN:3,(anonymous_0)
FNF:1
FNH:1
FNDA:7,(anonymous_0)
DA:1,7
DA:3,7
DA:4,7
DA:6,7
DA:7,0
DA:10,0
DA:13,7
DA:15,7
DA:16,0
DA:20,7
LF:10
LH:7
BRDA:6,0,0,0
BRDA:6,0,1,7
BRDA:15,1,0,0
BRDA:15,1,1,7
BRF:4
BRH:2
end_of_record
TN:
SF:lib/token.js
FN:9,(anonymous_0)
FN:22,(anonymous_1)
FNF:2
FNH:2
FNDA:33,(anonymous_0)
FNDA:2,(anonymous_1)
DA:1,5
DA:2,5
DA:9,5
DA:10,33
DA:22,5
DA:23,2
DA:26,5
LF:7
LH:7
BRF:0
BRH:0
end_of_record
TN:
SF:middleware/tokenChecker.js
FN:4,(anonymous_0)
FN:13,(anonymous_1)
FNF:2
FNH:2
FNDA:36,(anonymous_0)
FNDA:36,(anonymous_1)
DA:1,4
DA:4,4
DA:6,36
DA:9,36
DA:10,36
DA:13,36
DA:14,36
DA:15,0
DA:16,0
DA:19,36
DA:20,36
DA:25,4
LF:12
LH:10
BRDA:9,0,0,36
BRDA:9,0,1,0
BRDA:14,1,0,0
BRDA:14,1,1,36
BRF:4
BRH:2
end_of_record
TN:
SF:models/toDo.js
FNF:0
FNH:0
DA:1,5
DA:3,5
DA:12,5
DA:14,5
LF:4
LH:4
BRF:0
BRH:0
end_of_record
TN:
SF:models/trip.js
FNF:0
FNH:0
DA:1,5
DA:3,5
DA:10,5
DA:12,5
LF:4
LH:4
BRF:0
BRH:0
end_of_record
TN:
SF:models/user.js
FNF:0
FNH:0
DA:1,5
DA:3,5
DA:11,5
DA:13,5
LF:4
LH:4
BRF:0
BRH:0
end_of_record
TN:
SF:routes/authentication.js
FNF:0
FNH:0
DA:1,4
DA:2,4
DA:4,4
DA:6,4
DA:8,4
LF:5
LH:5
BRF:0
BRH:0
end_of_record
TN:
SF:routes/toDo.js
FNF:0
FNH:0
DA:1,4
DA:2,4
DA:3,4
DA:5,4
DA:6,4
DA:7,4
DA:8,4
DA:10,4
LF:8
LH:8
BRF:0
BRH:0
end_of_record
TN:
SF:routes/trips.js
FNF:0
FNH:0
DA:2,4
DA:4,4
DA:6,4
DA:8,4
DA:10,4
DA:12,4
LF:6
LH:6
BRF:0
BRH:0
end_of_record
TN:
SF:routes/users.js
FNF:0
FNH:0
DA:2,4
DA:4,4
DA:6,4
DA:8,4
DA:10,4
LF:5
LH:5
BRF:0
BRH:0
end_of_record
TN:
SF:tests/mongodb_helper.js
FN:4,(anonymous_0)
FN:8,(anonymous_1)
FNF:2
FNH:2
FNDA:7,(anonymous_0)
FNDA:7,(anonymous_1)
DA:1,7
DA:2,7
DA:4,7
DA:5,7
DA:8,7
DA:9,7
LF:6
LH:6
BRF:0
BRH:0
end_of_record
